 DEBUG [03-27|08:49:40.997 UTC] Initialized sys Plugin
  INFO [03-27|08:49:40.997 UTC] Initialized RPC Plugin
       [03-27|08:49:40.997 UTC] Silkrpc build info: eos-evm-rpc version: v0.7.0-824a96a74f2892f74ed475ec81f78051e2dcc914
       [03-27|08:49:40.997 UTC] Silkrpc libmdbx version: v0.12.0-71-g1cac6536 build: x86_64-ELF-Linux-Release compiler: cc (Ubuntu 11.4.0-1ubuntu1~22.04) 11.4.0
       [03-27|08:49:40.997 UTC] Silkrpc launched with datadir "./" using 12 contexts, 16 workers
 DEBUG [03-27|08:49:40.997 UTC] ContextPool::add_context context[0] io_context: 0x7f3'350'000'c60 wait_mode: blocking
 DEBUG [03-27|08:49:40.997 UTC] ClientContextPool::add_context context[0] io_context: 0x7f3'350'000'c60 wait_mode: blocking
 DEBUG [03-27|08:49:40.997 UTC] ContextPool::add_context context[1] io_context: 0x7f3'350'007'4c0 wait_mode: blocking
 DEBUG [03-27|08:49:40.997 UTC] ClientContextPool::add_context context[1] io_context: 0x7f3'350'007'4c0 wait_mode: blocking
 DEBUG [03-27|08:49:40.997 UTC] ContextPool::add_context context[2] io_context: 0x7f3'350'007'530 wait_mode: blocking
 DEBUG [03-27|08:49:40.997 UTC] ClientContextPool::add_context context[2] io_context: 0x7f3'350'007'530 wait_mode: blocking
 DEBUG [03-27|08:49:40.997 UTC] ContextPool::add_context context[3] io_context: 0x7f3'350'007'560 wait_mode: blocking
 DEBUG [03-27|08:49:40.997 UTC] ClientContextPool::add_context context[3] io_context: 0x7f3'350'007'560 wait_mode: blocking
 DEBUG [03-27|08:49:40.997 UTC] ContextPool::add_context context[4] io_context: 0x7f3'350'007'5b0 wait_mode: blocking
 DEBUG [03-27|08:49:40.997 UTC] ClientContextPool::add_context context[4] io_context: 0x7f3'350'007'5b0 wait_mode: blocking
 DEBUG [03-27|08:49:40.997 UTC] ContextPool::add_context context[5] io_context: 0x7f3'350'007'bc0 wait_mode: blocking
 DEBUG [03-27|08:49:40.997 UTC] ClientContextPool::add_context context[5] io_context: 0x7f3'350'007'bc0 wait_mode: blocking
 DEBUG [03-27|08:49:40.997 UTC] ContextPool::add_context context[6] io_context: 0x7f3'350'008'0a0 wait_mode: blocking
 DEBUG [03-27|08:49:40.997 UTC] ClientContextPool::add_context context[6] io_context: 0x7f3'350'008'0a0 wait_mode: blocking
 DEBUG [03-27|08:49:40.997 UTC] ContextPool::add_context context[7] io_context: 0x7f3'350'008'580 wait_mode: blocking
 DEBUG [03-27|08:49:40.997 UTC] ClientContextPool::add_context context[7] io_context: 0x7f3'350'008'580 wait_mode: blocking
 DEBUG [03-27|08:49:40.997 UTC] ContextPool::add_context context[8] io_context: 0x7f3'350'008'a60 wait_mode: blocking
 DEBUG [03-27|08:49:40.997 UTC] ClientContextPool::add_context context[8] io_context: 0x7f3'350'008'a60 wait_mode: blocking
 DEBUG [03-27|08:49:40.997 UTC] ContextPool::add_context context[9] io_context: 0x7f3'350'008'f40 wait_mode: blocking
 DEBUG [03-27|08:49:40.997 UTC] ClientContextPool::add_context context[9] io_context: 0x7f3'350'008'f40 wait_mode: blocking
 DEBUG [03-27|08:49:40.997 UTC] ContextPool::add_context context[10] io_context: 0x7f3'350'009'420 wait_mode: blocking
 DEBUG [03-27|08:49:40.997 UTC] ClientContextPool::add_context context[10] io_context: 0x7f3'350'009'420 wait_mode: blocking
 DEBUG [03-27|08:49:40.997 UTC] ContextPool::add_context context[11] io_context: 0x7f3'350'009'900 wait_mode: blocking
 DEBUG [03-27|08:49:40.997 UTC] ClientContextPool::add_context context[11] io_context: 0x7f3'350'009'900 wait_mode: blocking
       [03-27|08:49:40.998 UTC] Skip protocol version compatibility check with core services
 DEBUG [03-27|08:49:40.998 UTC] Signals registered on signal_context 0x7f3'35e'5d4'640
       [03-27|08:49:40.998 UTC] Starting ETH RPC API at 0.0.0.0:8881 ENGINE RPC API at 
 DEBUG [03-27|08:49:40.999 UTC] ContextPool::start context[0] started: 0x7f3'350'000'c60
 DEBUG [03-27|08:49:40.999 UTC] Multi-thread execution loop start [136'559'625'991'744]
 DEBUG [03-27|08:49:40.999 UTC] ContextPool::start context[1] started: 0x7f3'350'007'4c0
 DEBUG [03-27|08:49:40.999 UTC] ContextPool::start context[2] started: 0x7f3'350'007'530
 DEBUG [03-27|08:49:40.999 UTC] Server::run accepting using io_context 0x7f3'350'000'c60...
 DEBUG [03-27|08:49:40.999 UTC] Multi-thread execution loop start [136'559'617'599'040]
 DEBUG [03-27|08:49:40.999 UTC] Multi-thread execution loop start [136'559'600'813'632]
 DEBUG [03-27|08:49:40.999 UTC] ContextPool::start context[3] started: 0x7f3'350'007'560
 DEBUG [03-27|08:49:40.999 UTC] Connection::Connection socket 0x7c3'33c'001'9d0 created
 DEBUG [03-27|08:49:40.999 UTC] Server::run accepting using io_context 0x7f3'350'007'4c0...
 DEBUG [03-27|08:49:40.999 UTC] ContextPool::start context[4] started: 0x7f3'350'007'5b0
 DEBUG [03-27|08:49:40.999 UTC] Server::run accepting using io_context 0x7f3'350'007'530...
 DEBUG [03-27|08:49:40.999 UTC] Connection::Connection socket 0x7c3'334'001'9d0 created
 DEBUG [03-27|08:49:40.999 UTC] Multi-thread execution loop start [136'559'357'589'056]
 DEBUG [03-27|08:49:40.999 UTC] Multi-thread execution loop start [136'559'592'420'928]
 DEBUG [03-27|08:49:40.999 UTC] ContextPool::start context[5] started: 0x7f3'350'007'bc0
 DEBUG [03-27|08:49:40.999 UTC] Multi-thread execution loop start [136'559'349'196'352]
 DEBUG [03-27|08:49:40.999 UTC] Server::run accepting using io_context 0x7f3'350'007'560...
 DEBUG [03-27|08:49:40.999 UTC] Server::run accepting using io_context 0x7f3'350'007'5b0...
 DEBUG [03-27|08:49:40.999 UTC] Connection::Connection socket 0x7c3'338'001'9d0 created
 DEBUG [03-27|08:49:40.999 UTC] ContextPool::start context[6] started: 0x7f3'350'008'0a0
 DEBUG [03-27|08:49:40.999 UTC] Connection::Connection socket 0x7c3'324'001'9d0 created
 DEBUG [03-27|08:49:40.999 UTC] Server::run accepting using io_context 0x7f3'350'007'bc0...
 DEBUG [03-27|08:49:40.999 UTC] Connection::Connection socket 0x7c3'32c'001'9d0 created
 DEBUG [03-27|08:49:40.999 UTC] Connection::Connection socket 0x7c3'328'001'9d0 created
 DEBUG [03-27|08:49:40.999 UTC] ContextPool::start context[7] started: 0x7f3'350'008'580
 DEBUG [03-27|08:49:40.999 UTC] Multi-thread execution loop start [136'559'324'018'240]
 DEBUG [03-27|08:49:40.999 UTC] Multi-thread execution loop start [136'559'307'232'832]
 DEBUG [03-27|08:49:40.999 UTC] Server::run accepting using io_context 0x7f3'350'008'0a0...
 DEBUG [03-27|08:49:40.999 UTC] ContextPool::start context[8] started: 0x7f3'350'008'a60
 DEBUG [03-27|08:49:40.999 UTC] Multi-thread execution loop start [136'558'954'935'872]
 DEBUG [03-27|08:49:40.999 UTC] Connection::Connection socket 0x7c3'31c'001'9d0 created
 DEBUG [03-27|08:49:40.999 UTC] Server::run accepting using io_context 0x7f3'350'008'580...
 DEBUG [03-27|08:49:40.999 UTC] ContextPool::start context[9] started: 0x7f3'350'008'f40
 DEBUG [03-27|08:49:40.999 UTC] Server::run accepting using io_context 0x7f3'350'008'a60...
 DEBUG [03-27|08:49:40.999 UTC] Multi-thread execution loop start [136'558'929'757'760]
 DEBUG [03-27|08:49:40.999 UTC] Connection::Connection socket 0x7c3'320'001'9d0 created
 DEBUG [03-27|08:49:40.999 UTC] Connection::Connection socket 0x7c3'314'001'9d0 created
 DEBUG [03-27|08:49:40.999 UTC] ContextPool::start context[10] started: 0x7f3'350'009'420
 DEBUG [03-27|08:49:40.999 UTC] Multi-thread execution loop start [136'558'912'972'352]
 DEBUG [03-27|08:49:40.999 UTC] Server::run accepting using io_context 0x7f3'350'008'f40...
 DEBUG [03-27|08:49:40.999 UTC] ContextPool::start context[11] started: 0x7f3'350'009'900
       [03-27|08:49:40.999 UTC] Silkrpc is now running [pid=112, main thread=139'858'603'234'880]
 DEBUG [03-27|08:49:40.999 UTC] Server::run accepting using io_context 0x7f3'350'009'420...
 DEBUG [03-27|08:49:41.000 UTC] Multi-thread execution loop start [136'558'686'500'416]
 DEBUG [03-27|08:49:41.000 UTC] Connection::Connection socket 0x7c3'30c'001'9d0 created
 DEBUG [03-27|08:49:41.000 UTC] Connection::Connection socket 0x7c3'310'001'9d0 created
 DEBUG [03-27|08:49:41.000 UTC] Server::run accepting using io_context 0x7f3'350'009'900...
 DEBUG [03-27|08:49:41.000 UTC] Connection::Connection socket 0x7c3'304'001'9d0 created
  INFO [03-27|08:49:41.482 UTC] Registration for state changes started
  INFO [03-27|08:49:41.483 UTC] State changes stream opened
